<?xml version="1.0" encoding="UTF-8"?>
<testng-results skipped="0" failed="0" ignored="0" total="1" passed="1">
  <reporter-output>
  </reporter-output>
  <suite name="Default suite" duration-ms="1864" started-at="2023-03-30T20:09:08Z" finished-at="2023-03-30T20:09:10Z">
    <groups>
    </groups>
    <test name="Default test" duration-ms="1864" started-at="2023-03-30T20:09:08Z" finished-at="2023-03-30T20:09:10Z">
      <class name="testCases.ReadOneProduct">
        <test-method status="PASS" signature="readOneProduct()[pri:0, instance:testCases.ReadOneProduct@48fa0f47]" name="readOneProduct" duration-ms="1841" started-at="2023-03-30T20:09:08Z" finished-at="2023-03-30T20:09:10Z">
          <reporter-output>
          </reporter-output>
        </test-method> <!-- readOneProduct -->
      </class> <!-- testCases.ReadOneProduct -->
    </test> <!-- Default test -->
  </suite> <!-- Default suite -->
</testng-results>
